<?xml version="1.0" encoding="UTF-8"?>
<robot generator="Robot 7.2.2 (Python 3.13.3 on win32)" generated="2025-05-28T23:27:00.916930" rpa="false" schemaversion="5">
<suite id="s1" name="Login" source="c:\Users\gabri\OneDrive\Documentos\Estudos\Cursos\LumeStack\Mentoria Guardião da Qualidade PRO\Exercicios\Mod15 - Robot Framework\robot-fr-saucedemo\login.robot">
<test id="s1-t1" name="Login com sucesso" line="11">
<kw name="Open Browser" owner="SeleniumLibrary">
<msg time="2025-05-28T23:27:02.283314" level="INFO">Opening browser 'chrome' to base url 'https://www.saucedemo.com/'.</msg>
<arg>${URL}</arg>
<arg>browser=${BROWSER}</arg>
<doc>Opens a new browser instance to the optional ``url``.</doc>
<status status="PASS" start="2025-05-28T23:27:02.280953" elapsed="4.094949"/>
</kw>
<kw name="Wait Until Element Is Visible" owner="SeleniumLibrary">
<arg>id=user-name</arg>
<doc>Waits until the element ``locator`` is visible.</doc>
<status status="PASS" start="2025-05-28T23:27:06.394781" elapsed="0.230949"/>
</kw>
<kw name="Input Text" owner="SeleniumLibrary">
<msg time="2025-05-28T23:27:06.654248" level="INFO">Typing text 'standard_user' into text field 'id=user-name'.</msg>
<arg>id=user-name</arg>
<arg>${USERNAME}</arg>
<doc>Types the given ``text`` into the text field identified by ``locator``.</doc>
<status status="PASS" start="2025-05-28T23:27:06.653555" elapsed="0.311279"/>
</kw>
<kw name="Input Text" owner="SeleniumLibrary">
<msg time="2025-05-28T23:27:06.970428" level="INFO">Typing text 'secret_sauce' into text field 'id=password'.</msg>
<arg>id=password</arg>
<arg>${PASSWORD}</arg>
<doc>Types the given ``text`` into the text field identified by ``locator``.</doc>
<status status="PASS" start="2025-05-28T23:27:06.969622" elapsed="0.208625"/>
</kw>
<kw name="Click Button" owner="SeleniumLibrary">
<msg time="2025-05-28T23:27:07.205930" level="INFO">Clicking button 'id=login-button'.</msg>
<arg>id=login-button</arg>
<doc>Clicks the button identified by ``locator``.</doc>
<status status="PASS" start="2025-05-28T23:27:07.205286" elapsed="0.275174"/>
</kw>
<kw name="Get Location" owner="SeleniumLibrary">
<msg time="2025-05-28T23:27:07.774114" level="INFO">${location} = https://www.saucedemo.com/inventory.html</msg>
<var>${location}</var>
<doc>Returns the current browser window URL.</doc>
<status status="PASS" start="2025-05-28T23:27:07.655600" elapsed="0.118945"/>
</kw>
<kw name="Should Be Equal" owner="BuiltIn">
<arg>${location}</arg>
<arg>https://www.saucedemo.com/inventory.html</arg>
<doc>Fails if the given objects are unequal.</doc>
<status status="PASS" start="2025-05-28T23:27:07.799155" elapsed="0.000729"/>
</kw>
<status status="PASS" start="2025-05-28T23:27:02.272660" elapsed="5.540048"/>
</test>
<status status="PASS" start="2025-05-28T23:27:00.927664" elapsed="6.888725"/>
</suite>
<statistics>
<total>
<stat pass="1" fail="0" skip="0">All Tests</stat>
</total>
<tag>
</tag>
<suite>
<stat name="Login" id="s1" pass="1" fail="0" skip="0">Login</stat>
</suite>
</statistics>
<errors>
</errors>
</robot>
